{"/Users/juliebarwick/hacker/FEC/client/src/qa/components/QuestionsAnswersList.jsx": {"path":"/Users/juliebarwick/hacker/FEC/client/src/qa/components/QuestionsAnswersList.jsx","all":false,"statementMap":{"0":{"start":{"line":1,"column":0},"end":{"line":1,"column":26}},"1":{"start":{"line":2,"column":0},"end":{"line":2,"column":0}},"2":{"start":{"line":3,"column":0},"end":{"line":3,"column":58}},"3":{"start":{"line":4,"column":0},"end":{"line":4,"column":7}},"4":{"start":{"line":5,"column":0},"end":{"line":5,"column":61}},"5":{"start":{"line":6,"column":0},"end":{"line":6,"column":8}},"6":{"start":{"line":7,"column":0},"end":{"line":7,"column":2}},"7":{"start":{"line":8,"column":0},"end":{"line":8,"column":0}},"8":{"start":{"line":9,"column":0},"end":{"line":9,"column":36}}},"s":{"0":1,"1":1,"2":1,"3":1,"4":1,"5":1,"6":1,"7":1,"8":1},"branchMap":{},"b":{},"fnMap":{"0":{"name":"QuestionsAnswersList","decl":{"start":{"line":3,"column":29},"end":{"line":3,"column":6}},"loc":{"start":{"line":3,"column":29},"end":{"line":3,"column":6}},"line":3}},"f":{"0":0}}
}
